{"C:\\Users\\test\\Dropbox\\Project\\Learning_2017\\Node-JS-Apps\\Project-Structure\\data\\base\\base.data.js":{"path":"C:\\Users\\test\\Dropbox\\Project\\Learning_2017\\Node-JS-Apps\\Project-Structure\\data\\base\\base.data.js","s":{"1":1,"2":1,"3":1,"4":1,"5":1,"6":1,"7":1,"8":1,"9":1,"10":0,"11":0,"12":0,"13":1,"14":0,"15":0,"16":0,"17":0,"18":1,"19":0,"20":1},"b":{"1":[0,1],"2":[0,0]},"f":{"1":1,"2":1,"3":0,"4":1,"5":0},"fnMap":{"1":{"name":"(anonymous_1)","line":2,"loc":{"start":{"line":2,"column":15},"end":{"line":2,"column":43}}},"2":{"name":"(anonymous_2)","line":10,"loc":{"start":{"line":10,"column":10},"end":{"line":10,"column":13}}},"3":{"name":"(anonymous_3)","line":27,"loc":{"start":{"line":27,"column":10},"end":{"line":27,"column":18}}},"4":{"name":"(anonymous_4)","line":39,"loc":{"start":{"line":39,"column":22},"end":{"line":39,"column":25}}},"5":{"name":"(anonymous_5)","line":43,"loc":{"start":{"line":43,"column":17},"end":{"line":43,"column":25}}}},"statementMap":{"1":{"start":{"line":3,"column":8},"end":{"line":3,"column":21}},"2":{"start":{"line":4,"column":8},"end":{"line":4,"column":35}},"3":{"start":{"line":5,"column":8},"end":{"line":5,"column":37}},"4":{"start":{"line":6,"column":8},"end":{"line":6,"column":56}},"5":{"start":{"line":7,"column":8},"end":{"line":7,"column":66}},"6":{"start":{"line":11,"column":8},"end":{"line":11,"column":26}},"7":{"start":{"line":12,"column":8},"end":{"line":12,"column":27}},"8":{"start":{"line":13,"column":8},"end":{"line":14,"column":23}},"9":{"start":{"line":16,"column":8},"end":{"line":22,"column":9}},"10":{"start":{"line":17,"column":12},"end":{"line":21,"column":19}},"11":{"start":{"line":19,"column":20},"end":{"line":20,"column":76}},"12":{"start":{"line":20,"column":40},"end":{"line":20,"column":74}},"13":{"start":{"line":24,"column":8},"end":{"line":24,"column":22}},"14":{"start":{"line":29,"column":8},"end":{"line":31,"column":9}},"15":{"start":{"line":30,"column":12},"end":{"line":30,"column":52}},"16":{"start":{"line":33,"column":8},"end":{"line":36,"column":15}},"17":{"start":{"line":35,"column":16},"end":{"line":35,"column":58}},"18":{"start":{"line":40,"column":8},"end":{"line":40,"column":56}},"19":{"start":{"line":44,"column":8},"end":{"line":44,"column":45}},"20":{"start":{"line":48,"column":0},"end":{"line":48,"column":26}}},"branchMap":{"1":{"line":16,"type":"if","locations":[{"start":{"line":16,"column":8},"end":{"line":16,"column":8}},{"start":{"line":16,"column":8},"end":{"line":16,"column":8}}]},"2":{"line":29,"type":"if","locations":[{"start":{"line":29,"column":8},"end":{"line":29,"column":8}},{"start":{"line":29,"column":8},"end":{"line":29,"column":8}}]}}}}