TN:
SF:C:\Users\test\Dropbox\Project\Learning_2017\Node-JS-Apps\Project-Structure\data\base\base.data.js
FN:2,(anonymous_1)
FN:10,(anonymous_2)
FN:27,(anonymous_3)
FN:39,(anonymous_4)
FN:43,(anonymous_5)
FNF:5
FNH:3
FNDA:1,(anonymous_1)
FNDA:1,(anonymous_2)
FNDA:0,(anonymous_3)
FNDA:1,(anonymous_4)
FNDA:0,(anonymous_5)
DA:3,1
DA:4,1
DA:5,1
DA:6,1
DA:7,1
DA:11,1
DA:12,1
DA:13,1
DA:16,1
DA:17,0
DA:19,0
DA:20,0
DA:24,1
DA:29,0
DA:30,0
DA:33,0
DA:35,0
DA:40,1
DA:44,0
DA:48,1
LF:20
LH:12
BRDA:16,1,0,0
BRDA:16,1,1,1
BRDA:29,2,0,0
BRDA:29,2,1,0
BRF:4
BRH:1
end_of_record
